<?xml version="1.0" encoding="UTF-8"?>
<!-- Generated by org.testng.reporters.JUnitReportReporter -->
<testsuite hostname="DESKTOP-TJ76JVK" name="openBrowser.ChromebrowserTestNG" tests="1" failures="0" timestamp="8 Mar 2023 17:58:50 GMT" time="11.989" errors="0">
  <testcase name="chromeTestNG" time="11.989" classname="openBrowser.ChromebrowserTestNG"/>
</testsuite> <!-- openBrowser.ChromebrowserTestNG -->
