<?xml version="1.0" encoding="UTF-8"?>
<!-- Generated by org.testng.reporters.JUnitReportReporter -->
<testsuite hostname="DESKTOP-TJ76JVK" name="PageObjectModel.Calling_ValidLoginPOM" tests="1" failures="0" timestamp="1 Apr 2023 18:13:34 GMT" time="13.756" errors="0">
  <testcase name="loginMethod" time="13.756" classname="PageObjectModel.Calling_ValidLoginPOM"/>
</testsuite> <!-- PageObjectModel.Calling_ValidLoginPOM -->
